<testsuites id="" name="" tests="4" failures="3" skipped="1" errors="0" time="0.36897299999999994">
<testsuite name="example.spec.ts" timestamp="2024-11-20T15:22:58.239Z" hostname="chromium" tests="4" failures="3" skipped="1" time="0.013" errors="0">
<testcase name="test that should pass" classname="example.spec.ts" time="0.004">
<failure message="example.spec.ts:3:5 test that should pass" type="FAILURE">
<![CDATA[  [chromium] › example.spec.ts:3:5 › test that should pass ─────────────────────────────────────────

    Error: browserType.launch: Executable doesn't exist at /home/user/.cache/ms-playwright/chromium_headless_shell-1148/chrome-linux/headless_shell
    ╔═════════════════════════════════════════════════════════════════════════╗
    ║ Looks like Playwright Test or Playwright was just installed or updated. ║
    ║ Please run the following command to download new browsers:              ║
    ║                                                                         ║
    ║     npx playwright install                                              ║
    ║                                                                         ║
    ║ <3 Playwright Team                                                      ║
    ╚═════════════════════════════════════════════════════════════════════════╝
]]>
</failure>
</testcase>
<testcase name="test that should fail due to assertion error" classname="example.spec.ts" time="0.005">
<failure message="example.spec.ts:8:5 test that should fail due to assertion error" type="FAILURE">
<![CDATA[  [chromium] › example.spec.ts:8:5 › test that should fail due to assertion error ──────────────────

    Error: browserType.launch: Executable doesn't exist at /home/user/.cache/ms-playwright/chromium_headless_shell-1148/chrome-linux/headless_shell
    ╔═════════════════════════════════════════════════════════════════════════╗
    ║ Looks like Playwright Test or Playwright was just installed or updated. ║
    ║ Please run the following command to download new browsers:              ║
    ║                                                                         ║
    ║     npx playwright install                                              ║
    ║                                                                         ║
    ║ <3 Playwright Team                                                      ║
    ╚═════════════════════════════════════════════════════════════════════════╝
]]>
</failure>
</testcase>
<testcase name="test that should fail due to unexpected error" classname="example.spec.ts" time="0.004">
<failure message="example.spec.ts:13:5 test that should fail due to unexpected error" type="FAILURE">
<![CDATA[  [chromium] › example.spec.ts:13:5 › test that should fail due to unexpected error ────────────────

    Error: browserType.launch: Executable doesn't exist at /home/user/.cache/ms-playwright/chromium_headless_shell-1148/chrome-linux/headless_shell
    ╔═════════════════════════════════════════════════════════════════════════╗
    ║ Looks like Playwright Test or Playwright was just installed or updated. ║
    ║ Please run the following command to download new browsers:              ║
    ║                                                                         ║
    ║     npx playwright install                                              ║
    ║                                                                         ║
    ║ <3 Playwright Team                                                      ║
    ╚═════════════════════════════════════════════════════════════════════════╝
]]>
</failure>
</testcase>
<testcase name="test that should be skipped" classname="example.spec.ts" time="0">
<properties>
<property name="skip" value="">
</property>
</properties>
<skipped>
</skipped>
</testcase>
</testsuite>
</testsuites>